2025-12-03T21:31:43.867322187+08:00	[34mINFO[0m	runtime/proc.go:283	å¼€å§‹ä¼˜é›…å…³é—­æœåŠ¡å™¨...	{"svc": "sensor-manage-hub", "env": "dev"}
2025-12-03T21:31:43.867577585+08:00	[34mINFO[0m	runtime/proc.go:283	æœåŠ¡å™¨å·²ä¼˜é›…å…³é—­	{"svc": "sensor-manage-hub", "env": "dev"}
2025-12-03T21:31:43.867753878+08:00	[34mINFO[0m	cmd/main.go:158	å®¢æˆ·ç«¯å…³é—­æˆåŠŸ	{"svc": "sensor-manage-hub", "env": "dev"}
2025-12-03T21:31:45.66720778+08:00	[34mINFO[0m	cmd/main.go:36	Logger åˆå§‹åŒ–æˆåŠŸ	{"svc": "sensor-manage-hub", "env": "dev"}
2025-12-03T21:31:45.682622563+08:00	[34mINFO[0m	influxdb/client.go:82	InfluxDBå®¢æˆ·ç«¯åˆå§‹åŒ–æˆåŠŸ	{"svc": "sensor-manage-hub", "env": "dev"}
2025-12-03T21:31:45.686674621+08:00	[34mINFO[0m	minio/client.go:58	MinIOå®¢æˆ·ç«¯åˆå§‹åŒ–æˆåŠŸ	{"svc": "sensor-manage-hub", "env": "dev"}
2025-12-03T21:31:45.715520477+08:00	[34mINFO[0m	mysql/client.go:53	Mysqlå®¢æˆ·ç«¯åˆå§‹åŒ–æˆåŠŸ	{"svc": "sensor-manage-hub", "env": "dev"}
2025-12-03T21:31:45.715582365+08:00	[34mINFO[0m	cmd/main.go:59	æ‰€æœ‰å®¢æˆ·ç«¯åˆå§‹åŒ–æˆåŠŸ	{"svc": "sensor-manage-hub", "env": "dev"}
2025-12-03T21:31:45.715748907+08:00	[34mINFO[0m	cmd/main.go:141	æœåŠ¡å™¨å¯åŠ¨æˆåŠŸ	{"svc": "sensor-manage-hub", "env": "dev", "Listening ON:": "0.0.0.0:12000"}
2025-12-03T21:32:03.838289834+08:00	[31mERROR[0m	handler/sensor_data.go:91	æŸ¥è¯¢æ—¶åºæ•°æ®å¤±è´¥	{"svc": "sensor-manage-hub", "env": "dev", "error": "flight reader: rpc error: code = InvalidArgument desc = Error while planning query: Error during planning: Projections require unique expression names but the expression \"ecg.time\" at position 0 and \"ecg.time\" at position 9 have the same name. Consider aliasing (\"AS\") one of them."}
2025-12-03T21:39:45.874687863+08:00	[34mINFO[0m	cmd/main.go:147	å¼€å§‹ä¼˜é›…å…³é—­æœåŠ¡å™¨...	{"svc": "sensor-manage-hub", "env": "dev"}
2025-12-03T21:39:45.87498847+08:00	[34mINFO[0m	cmd/main.go:157	æœåŠ¡å™¨å·²ä¼˜é›…å…³é—­	{"svc": "sensor-manage-hub", "env": "dev"}
2025-12-03T21:39:45.875323187+08:00	[34mINFO[0m	cmd/main.go:81	å®¢æˆ·ç«¯å…³é—­æˆåŠŸ	{"svc": "sensor-manage-hub", "env": "dev"}
2025-12-03T21:39:47.710465135+08:00	[34mINFO[0m	cmd/main.go:36	Logger åˆå§‹åŒ–æˆåŠŸ	{"svc": "sensor-manage-hub", "env": "dev"}
2025-12-03T21:39:47.722273208+08:00	[34mINFO[0m	influxdb/client.go:82	InfluxDBå®¢æˆ·ç«¯åˆå§‹åŒ–æˆåŠŸ	{"svc": "sensor-manage-hub", "env": "dev"}
2025-12-03T21:39:47.730101802+08:00	[34mINFO[0m	minio/client.go:58	MinIOå®¢æˆ·ç«¯åˆå§‹åŒ–æˆåŠŸ	{"svc": "sensor-manage-hub", "env": "dev"}
2025-12-03T21:39:47.759790616+08:00	[34mINFO[0m	mysql/client.go:53	Mysqlå®¢æˆ·ç«¯åˆå§‹åŒ–æˆåŠŸ	{"svc": "sensor-manage-hub", "env": "dev"}
2025-12-03T21:39:47.759841029+08:00	[34mINFO[0m	cmd/main.go:59	æ‰€æœ‰å®¢æˆ·ç«¯åˆå§‹åŒ–æˆåŠŸ	{"svc": "sensor-manage-hub", "env": "dev"}
2025-12-03T21:39:47.76000655+08:00	[34mINFO[0m	cmd/main.go:141	æœåŠ¡å™¨å¯åŠ¨æˆåŠŸ	{"svc": "sensor-manage-hub", "env": "dev", "Listening ON:": "0.0.0.0:12000"}
2025-12-03T21:45:10.454545366+08:00	[34mINFO[0m	cmd/main.go:147	å¼€å§‹ä¼˜é›…å…³é—­æœåŠ¡å™¨...	{"svc": "sensor-manage-hub", "env": "dev"}
2025-12-03T21:45:10.454843291+08:00	[34mINFO[0m	cmd/main.go:157	æœåŠ¡å™¨å·²ä¼˜é›…å…³é—­	{"svc": "sensor-manage-hub", "env": "dev"}
2025-12-03T21:45:10.455065355+08:00	[34mINFO[0m	cmd/main.go:81	å®¢æˆ·ç«¯å…³é—­æˆåŠŸ	{"svc": "sensor-manage-hub", "env": "dev"}
2025-12-03T21:45:12.966504476+08:00	[34mINFO[0m	cmd/main.go:36	Logger åˆå§‹åŒ–æˆåŠŸ	{"svc": "sensor-manage-hub", "env": "dev"}
2025-12-03T21:45:12.978143617+08:00	[34mINFO[0m	influxdb/client.go:82	InfluxDBå®¢æˆ·ç«¯åˆå§‹åŒ–æˆåŠŸ	{"svc": "sensor-manage-hub", "env": "dev"}
2025-12-03T21:45:12.983005116+08:00	[34mINFO[0m	minio/client.go:58	MinIOå®¢æˆ·ç«¯åˆå§‹åŒ–æˆåŠŸ	{"svc": "sensor-manage-hub", "env": "dev"}
2025-12-03T21:45:12.998252169+08:00	[34mINFO[0m	mysql/client.go:53	Mysqlå®¢æˆ·ç«¯åˆå§‹åŒ–æˆåŠŸ	{"svc": "sensor-manage-hub", "env": "dev"}
2025-12-03T21:45:12.998368651+08:00	[34mINFO[0m	cmd/main.go:59	æ‰€æœ‰å®¢æˆ·ç«¯åˆå§‹åŒ–æˆåŠŸ	{"svc": "sensor-manage-hub", "env": "dev"}
2025-12-03T21:45:12.998567641+08:00	[34mINFO[0m	cmd/main.go:141	æœåŠ¡å™¨å¯åŠ¨æˆåŠŸ	{"svc": "sensor-manage-hub", "env": "dev", "Listening ON:": "0.0.0.0:12000"}
2025-12-03T21:45:15.347856219+08:00	[34mINFO[0m	repo/sensor_data.go:139	æŸ¥è¯¢æ—¶åºæ•°æ®	{"svc": "sensor-manage-hub", "env": "dev", "opts": {"Measurement":"ecg","Tags":{"dev_id":"650705353989570560"},"Fields":null,"TimeRange":{"Start":"1970-01-02T17:19:59+08:00","End":"2025-12-03T21:45:15+08:00"},"DownsampleEvery":0,"Aggregate":"","LimitPoints":64}}
2025-12-03T21:45:55.706521884+08:00	[34mINFO[0m	repo/sensor_data.go:139	æŸ¥è¯¢æ—¶åºæ•°æ®	{"svc": "sensor-manage-hub", "env": "dev", "opts": {"Measurement":"ecg","Tags":{"dev_id":"650705353989570560"},"Fields":null,"TimeRange":{"Start":"1970-01-02T17:19:59+08:00","End":"2025-12-03T21:45:55+08:00"},"DownsampleEvery":0,"Aggregate":"","LimitPoints":64}}
2025-12-03T21:52:55.342363438+08:00	[34mINFO[0m	cmd/main.go:147	å¼€å§‹ä¼˜é›…å…³é—­æœåŠ¡å™¨...	{"svc": "sensor-manage-hub", "env": "dev"}
2025-12-03T21:52:55.342674469+08:00	[34mINFO[0m	cmd/main.go:157	æœåŠ¡å™¨å·²ä¼˜é›…å…³é—­	{"svc": "sensor-manage-hub", "env": "dev"}
2025-12-03T21:52:55.342909605+08:00	[34mINFO[0m	cmd/main.go:81	å®¢æˆ·ç«¯å…³é—­æˆåŠŸ	{"svc": "sensor-manage-hub", "env": "dev"}
2025-12-03T21:52:57.662021803+08:00	[34mINFO[0m	cmd/main.go:36	Logger åˆå§‹åŒ–æˆåŠŸ	{"svc": "sensor-manage-hub", "env": "dev"}
2025-12-03T21:52:57.669076925+08:00	[34mINFO[0m	influxdb/client.go:82	InfluxDBå®¢æˆ·ç«¯åˆå§‹åŒ–æˆåŠŸ	{"svc": "sensor-manage-hub", "env": "dev"}
2025-12-03T21:52:57.676384741+08:00	[34mINFO[0m	minio/client.go:58	MinIOå®¢æˆ·ç«¯åˆå§‹åŒ–æˆåŠŸ	{"svc": "sensor-manage-hub", "env": "dev"}
2025-12-03T21:52:57.693416278+08:00	[34mINFO[0m	mysql/client.go:53	Mysqlå®¢æˆ·ç«¯åˆå§‹åŒ–æˆåŠŸ	{"svc": "sensor-manage-hub", "env": "dev"}
2025-12-03T21:52:57.693469326+08:00	[34mINFO[0m	cmd/main.go:59	æ‰€æœ‰å®¢æˆ·ç«¯åˆå§‹åŒ–æˆåŠŸ	{"svc": "sensor-manage-hub", "env": "dev"}
2025-12-03T21:52:57.693576144+08:00	[34mINFO[0m	cmd/main.go:141	æœåŠ¡å™¨å¯åŠ¨æˆåŠŸ	{"svc": "sensor-manage-hub", "env": "dev", "Listening ON:": "0.0.0.0:12000"}
2025-12-03T21:52:59.939728634+08:00	[34mINFO[0m	repo/sensor_data.go:139	æŸ¥è¯¢æ—¶åºæ•°æ®	{"svc": "sensor-manage-hub", "env": "dev", "opts": {"Measurement":"ecg","Tags":{"dev_id":"650705353989570560"},"Fields":null,"TimeRange":{"Start":"1970-01-02T17:19:59+08:00","End":"2025-12-03T21:53:00+08:00"},"DownsampleEvery":0,"Aggregate":"","LimitPoints":64}}
2025-12-03T21:52:59.944260437+08:00	[34mINFO[0m	repo/sensor_data.go:146	æŸ¥è¯¢æ—¶åºæ•°æ®ç»“æžœ	{"svc": "sensor-manage-hub", "env": "dev", "result": null}
2025-12-03T21:54:44.020450468+08:00	[34mINFO[0m	repo/sensor_data.go:139	æŸ¥è¯¢æ—¶åºæ•°æ®	{"svc": "sensor-manage-hub", "env": "dev", "opts": {"Measurement":"ecg","Tags":{"dev_id":"650705353989570560"},"Fields":null,"TimeRange":{"Start":"1970-01-02T17:19:59+08:00","End":"2025-12-03T21:54:44+08:00"},"DownsampleEvery":0,"Aggregate":"","LimitPoints":64}}
2025-12-03T21:54:44.027788053+08:00	[34mINFO[0m	repo/sensor_data.go:146	æŸ¥è¯¢æ—¶åºæ•°æ®ç»“æžœ	{"svc": "sensor-manage-hub", "env": "dev", "result": null}
2025-12-03T21:55:50.648612942+08:00	[34mINFO[0m	cmd/main.go:147	å¼€å§‹ä¼˜é›…å…³é—­æœåŠ¡å™¨...	{"svc": "sensor-manage-hub", "env": "dev"}
2025-12-03T21:55:50.649017651+08:00	[34mINFO[0m	cmd/main.go:157	æœåŠ¡å™¨å·²ä¼˜é›…å…³é—­	{"svc": "sensor-manage-hub", "env": "dev"}
2025-12-03T21:55:50.649458641+08:00	[34mINFO[0m	cmd/main.go:81	å®¢æˆ·ç«¯å…³é—­æˆåŠŸ	{"svc": "sensor-manage-hub", "env": "dev"}
2025-12-03T21:55:53.145514408+08:00	[34mINFO[0m	cmd/main.go:36	Logger åˆå§‹åŒ–æˆåŠŸ	{"svc": "sensor-manage-hub", "env": "dev"}
2025-12-03T21:55:53.158370259+08:00	[34mINFO[0m	influxdb/client.go:82	InfluxDBå®¢æˆ·ç«¯åˆå§‹åŒ–æˆåŠŸ	{"svc": "sensor-manage-hub", "env": "dev"}
2025-12-03T21:55:53.163346904+08:00	[34mINFO[0m	minio/client.go:58	MinIOå®¢æˆ·ç«¯åˆå§‹åŒ–æˆåŠŸ	{"svc": "sensor-manage-hub", "env": "dev"}
2025-12-03T21:55:53.186147834+08:00	[34mINFO[0m	mysql/client.go:53	Mysqlå®¢æˆ·ç«¯åˆå§‹åŒ–æˆåŠŸ	{"svc": "sensor-manage-hub", "env": "dev"}
2025-12-03T21:55:53.186399463+08:00	[34mINFO[0m	cmd/main.go:59	æ‰€æœ‰å®¢æˆ·ç«¯åˆå§‹åŒ–æˆåŠŸ	{"svc": "sensor-manage-hub", "env": "dev"}
2025-12-03T21:55:53.187786154+08:00	[34mINFO[0m	cmd/main.go:141	æœåŠ¡å™¨å¯åŠ¨æˆåŠŸ	{"svc": "sensor-manage-hub", "env": "dev", "Listening ON:": "0.0.0.0:12000"}
2025-12-03T21:55:55.988471212+08:00	[34mINFO[0m	repo/sensor_data.go:139	æŸ¥è¯¢æ—¶åºæ•°æ®	{"svc": "sensor-manage-hub", "env": "dev", "opts": {"Measurement":"ecg","Tags":{"dev_id":"650705353989570560"},"Fields":null,"TimeRange":{"Start":"1970-01-02T17:19:59+08:00","End":"2025-12-03T21:55:56+08:00"},"DownsampleEvery":0,"Aggregate":"","LimitPoints":64}}
2025-12-03T21:55:55.98867402+08:00	[34mINFO[0m	influxdb/client.go:265	SQLè¯­å¥	{"svc": "sensor-manage-hub", "env": "dev", "sql": "SELECT * FROM \"ecg\" WHERE time >= to_timestamp(119999) AND time <= to_timestamp(1764770156) AND dev_id = '650705353989570560' ORDER BY time LIMIT 64"}
2025-12-03T22:01:26.486077777+08:00	[34mINFO[0m	cmd/main.go:147	å¼€å§‹ä¼˜é›…å…³é—­æœåŠ¡å™¨...	{"svc": "sensor-manage-hub", "env": "dev"}
2025-12-03T22:01:26.486438031+08:00	[34mINFO[0m	cmd/main.go:157	æœåŠ¡å™¨å·²ä¼˜é›…å…³é—­	{"svc": "sensor-manage-hub", "env": "dev"}
2025-12-03T22:01:26.48688182+08:00	[34mINFO[0m	cmd/main.go:81	å®¢æˆ·ç«¯å…³é—­æˆåŠŸ	{"svc": "sensor-manage-hub", "env": "dev"}
2025-12-03T22:02:18.323947782+08:00	[34mINFO[0m	cmd/main.go:36	Logger åˆå§‹åŒ–æˆåŠŸ	{"svc": "sensor-manage-hub", "env": "dev"}
2025-12-03T22:02:18.33276602+08:00	[34mINFO[0m	influxdb/client.go:82	InfluxDBå®¢æˆ·ç«¯åˆå§‹åŒ–æˆåŠŸ	{"svc": "sensor-manage-hub", "env": "dev"}
2025-12-03T22:02:18.335455782+08:00	[34mINFO[0m	minio/client.go:58	MinIOå®¢æˆ·ç«¯åˆå§‹åŒ–æˆåŠŸ	{"svc": "sensor-manage-hub", "env": "dev"}
2025-12-03T22:02:18.358799143+08:00	[34mINFO[0m	mysql/client.go:53	Mysqlå®¢æˆ·ç«¯åˆå§‹åŒ–æˆåŠŸ	{"svc": "sensor-manage-hub", "env": "dev"}
2025-12-03T22:02:18.358843485+08:00	[34mINFO[0m	cmd/main.go:59	æ‰€æœ‰å®¢æˆ·ç«¯åˆå§‹åŒ–æˆåŠŸ	{"svc": "sensor-manage-hub", "env": "dev"}
2025-12-03T22:02:18.35987821+08:00	[34mINFO[0m	cmd/main.go:141	æœåŠ¡å™¨å¯åŠ¨æˆåŠŸ	{"svc": "sensor-manage-hub", "env": "dev", "Listening ON:": "0.0.0.0:12000"}
2025-12-03T22:02:20.743676852+08:00	[34mINFO[0m	influxdb/client.go:265	æž„å»ºSQLè¯­å¥å®Œæˆ	{"svc": "sensor-manage-hub", "env": "dev", "sql": "SELECT * FROM \"ecg\" WHERE time >= 119999000000000 AND time <= 1764770541000000000 AND dev_id = '650705353989570560' ORDER BY time LIMIT 64"}
2025-12-03T22:02:21.960897052+08:00	[31mERROR[0m	handler/sensor_data.go:91	æŸ¥è¯¢æ—¶åºæ•°æ®å¤±è´¥	{"svc": "sensor-manage-hub", "env": "dev", "error": "flight reader: rpc error: code = InvalidArgument desc = Error while planning query: type_coercion: Error during planning: Cannot infer common argument type for comparison operation Timestamp(Nanosecond, None) >= Int64"}
2025-12-03T22:05:58.424557977+08:00	[34mINFO[0m	cmd/main.go:147	å¼€å§‹ä¼˜é›…å…³é—­æœåŠ¡å™¨...	{"svc": "sensor-manage-hub", "env": "dev"}
2025-12-03T22:05:58.425014718+08:00	[34mINFO[0m	cmd/main.go:157	æœåŠ¡å™¨å·²ä¼˜é›…å…³é—­	{"svc": "sensor-manage-hub", "env": "dev"}
2025-12-03T22:05:58.425421339+08:00	[34mINFO[0m	cmd/main.go:81	å®¢æˆ·ç«¯å…³é—­æˆåŠŸ	{"svc": "sensor-manage-hub", "env": "dev"}
2025-12-03T22:06:00.294678502+08:00	[34mINFO[0m	cmd/main.go:36	Logger åˆå§‹åŒ–æˆåŠŸ	{"svc": "sensor-manage-hub", "env": "dev"}
2025-12-03T22:06:00.324821493+08:00	[34mINFO[0m	influxdb/client.go:82	InfluxDBå®¢æˆ·ç«¯åˆå§‹åŒ–æˆåŠŸ	{"svc": "sensor-manage-hub", "env": "dev"}
2025-12-03T22:06:00.352426362+08:00	[34mINFO[0m	minio/client.go:58	MinIOå®¢æˆ·ç«¯åˆå§‹åŒ–æˆåŠŸ	{"svc": "sensor-manage-hub", "env": "dev"}
2025-12-03T22:06:00.379127827+08:00	[34mINFO[0m	mysql/client.go:53	Mysqlå®¢æˆ·ç«¯åˆå§‹åŒ–æˆåŠŸ	{"svc": "sensor-manage-hub", "env": "dev"}
2025-12-03T22:06:00.379207167+08:00	[34mINFO[0m	cmd/main.go:59	æ‰€æœ‰å®¢æˆ·ç«¯åˆå§‹åŒ–æˆåŠŸ	{"svc": "sensor-manage-hub", "env": "dev"}
2025-12-03T22:06:00.379405555+08:00	[34mINFO[0m	cmd/main.go:141	æœåŠ¡å™¨å¯åŠ¨æˆåŠŸ	{"svc": "sensor-manage-hub", "env": "dev", "Listening ON:": "0.0.0.0:12000"}
2025-12-03T22:06:02.881813254+08:00	[34mINFO[0m	influxdb/client.go:265	æž„å»ºSQLè¯­å¥å®Œæˆ	{"svc": "sensor-manage-hub", "env": "dev", "sql": "SELECT * FROM \"ecg\" WHERE time >= '1970-01-02T17:19:59+08:00' AND time <= '2025-12-03T22:06:03+08:00' AND dev_id = '650705353989570560' ORDER BY time LIMIT 64"}
2025-12-03T22:21:44.115266585+08:00	[31mERROR[0m	handler/sensor_data.go:217	åˆ é™¤æ—¶åºæ•°æ®å¤±è´¥	{"svc": "sensor-manage-hub", "env": "dev", "error": "åˆ é™¤InfluxDBæ•°æ®å¤±è´¥: flight reader: rpc error: code = InvalidArgument desc = Error while planning query: Error during planning: table 'public.iox.sensor_data' not found"}
2025-12-03T22:45:37.767412109+08:00	[34mINFO[0m	cmd/main.go:147	å¼€å§‹ä¼˜é›…å…³é—­æœåŠ¡å™¨...	{"svc": "sensor-manage-hub", "env": "dev"}
2025-12-03T22:45:37.767679456+08:00	[34mINFO[0m	cmd/main.go:157	æœåŠ¡å™¨å·²ä¼˜é›…å…³é—­	{"svc": "sensor-manage-hub", "env": "dev"}
2025-12-03T22:45:37.807307773+08:00	[34mINFO[0m	cmd/main.go:81	å®¢æˆ·ç«¯å…³é—­æˆåŠŸ	{"svc": "sensor-manage-hub", "env": "dev"}
2025-12-03T22:45:40.276636234+08:00	[34mINFO[0m	cmd/main.go:36	Logger åˆå§‹åŒ–æˆåŠŸ	{"svc": "sensor-manage-hub", "env": "dev"}
2025-12-03T22:45:40.290424064+08:00	[34mINFO[0m	influxdb/client.go:82	InfluxDBå®¢æˆ·ç«¯åˆå§‹åŒ–æˆåŠŸ	{"svc": "sensor-manage-hub", "env": "dev"}
2025-12-03T22:45:40.302335427+08:00	[34mINFO[0m	minio/client.go:58	MinIOå®¢æˆ·ç«¯åˆå§‹åŒ–æˆåŠŸ	{"svc": "sensor-manage-hub", "env": "dev"}
2025-12-03T22:45:40.352630792+08:00	[34mINFO[0m	mysql/client.go:53	Mysqlå®¢æˆ·ç«¯åˆå§‹åŒ–æˆåŠŸ	{"svc": "sensor-manage-hub", "env": "dev"}
2025-12-03T22:45:40.352708783+08:00	[34mINFO[0m	cmd/main.go:59	æ‰€æœ‰å®¢æˆ·ç«¯åˆå§‹åŒ–æˆåŠŸ	{"svc": "sensor-manage-hub", "env": "dev"}
2025-12-03T22:45:40.352964074+08:00	[34mINFO[0m	cmd/main.go:141	æœåŠ¡å™¨å¯åŠ¨æˆåŠŸ	{"svc": "sensor-manage-hub", "env": "dev", "Listening ON:": "0.0.0.0:12000"}
2025-12-03T22:45:57.248214041+08:00	[31mERROR[0m	handler/sensor_data.go:217	åˆ é™¤æ—¶åºæ•°æ®å¤±è´¥	{"svc": "sensor-manage-hub", "env": "dev", "error": "åˆ é™¤InfluxDBæ•°æ®å¤±è´¥: flight reader: rpc error: code = InvalidArgument desc = Error while planning query: Error during planning: table 'public.iox.emg' not found"}
2025-12-03T23:05:17.312509776+08:00	[34mINFO[0m	influxdb/client.go:265	æž„å»ºSQLè¯­å¥å®Œæˆ	{"svc": "sensor-manage-hub", "env": "dev", "sql": "SELECT * FROM \"ecg\" WHERE time >= '1970-01-02T17:19:59+08:00' AND time <= '2025-12-03T23:05:17+08:00' AND dev_id = '650705353989570560' ORDER BY time LIMIT 64"}
2025-12-03T23:19:13.786892335+08:00	[31mERROR[0m	handler/sensor_data.go:115	èŽ·å–ç»Ÿè®¡ä¿¡æ¯å¤±è´¥	{"svc": "sensor-manage-hub", "env": "dev", "error": "æŸ¥è¯¢æ€»æ•°å¤±è´¥: flight reader: rpc error: code = InvalidArgument desc = Error while planning query: Error during planning: table 'public.iox.emg' not found"}
2025-12-03T23:29:53.882077332+08:00	[34mINFO[0m	cmd/main.go:147	å¼€å§‹ä¼˜é›…å…³é—­æœåŠ¡å™¨...	{"svc": "sensor-manage-hub", "env": "dev"}
2025-12-03T23:29:53.8823954+08:00	[34mINFO[0m	cmd/main.go:157	æœåŠ¡å™¨å·²ä¼˜é›…å…³é—­	{"svc": "sensor-manage-hub", "env": "dev"}
2025-12-03T23:29:53.882680266+08:00	[34mINFO[0m	cmd/main.go:81	å®¢æˆ·ç«¯å…³é—­æˆåŠŸ	{"svc": "sensor-manage-hub", "env": "dev"}
2025-12-03T23:29:56.697938998+08:00	[34mINFO[0m	cmd/main.go:36	Logger åˆå§‹åŒ–æˆåŠŸ	{"svc": "sensor-manage-hub", "env": "dev"}
2025-12-03T23:29:56.706505103+08:00	[34mINFO[0m	influxdb/client.go:82	InfluxDBå®¢æˆ·ç«¯åˆå§‹åŒ–æˆåŠŸ	{"svc": "sensor-manage-hub", "env": "dev"}
2025-12-03T23:29:56.716525784+08:00	[34mINFO[0m	minio/client.go:58	MinIOå®¢æˆ·ç«¯åˆå§‹åŒ–æˆåŠŸ	{"svc": "sensor-manage-hub", "env": "dev"}
2025-12-03T23:29:56.744212197+08:00	[34mINFO[0m	mysql/client.go:53	Mysqlå®¢æˆ·ç«¯åˆå§‹åŒ–æˆåŠŸ	{"svc": "sensor-manage-hub", "env": "dev"}
2025-12-03T23:29:56.744272837+08:00	[34mINFO[0m	cmd/main.go:59	æ‰€æœ‰å®¢æˆ·ç«¯åˆå§‹åŒ–æˆåŠŸ	{"svc": "sensor-manage-hub", "env": "dev"}
2025-12-03T23:29:56.74449065+08:00	[34mINFO[0m	cmd/main.go:141	æœåŠ¡å™¨å¯åŠ¨æˆåŠŸ	{"svc": "sensor-manage-hub", "env": "dev", "Listening ON:": "0.0.0.0:12000"}
2025-12-03T23:33:25.541553337+08:00	[31mERROR[0m	handler/sensor_data.go:221	åˆ é™¤measurementå¤±è´¥	{"svc": "sensor-manage-hub", "env": "dev", "error": "åªæœ‰ç®¡ç†å‘˜å¯ä»¥åˆ é™¤æ•´ä¸ªmeasurement"}
2025-12-03T23:33:34.494297118+08:00	[31mERROR[0m	handler/sensor_data.go:221	åˆ é™¤measurementå¤±è´¥	{"svc": "sensor-manage-hub", "env": "dev", "error": "åªæœ‰ç®¡ç†å‘˜å¯ä»¥åˆ é™¤æ•´ä¸ªmeasurement"}
2025-12-05T10:04:03.300029411+08:00	[31mERROR[0m	handler/sensor_data.go:221	åˆ é™¤measurementå¤±è´¥	{"svc": "sensor-manage-hub", "env": "dev", "error": "åªæœ‰ç®¡ç†å‘˜å¯ä»¥åˆ é™¤æ•´ä¸ªmeasurement"}
2025-12-05T10:05:10.014857548+08:00	[31mERROR[0m	handler/sensor_data.go:221	åˆ é™¤measurementå¤±è´¥	{"svc": "sensor-manage-hub", "env": "dev", "error": "åˆ é™¤InfluxDB measurementå¤±è´¥: åˆ é™¤InfluxDB measurementå¤±è´¥: flight reader: rpc error: code = InvalidArgument desc = Error while planning query: Error during planning: DDL not supported: DropTable"}
2025-12-05T10:22:23.717329906+08:00	[34mINFO[0m	cmd/main.go:147	å¼€å§‹ä¼˜é›…å…³é—­æœåŠ¡å™¨...	{"svc": "sensor-manage-hub", "env": "dev"}
2025-12-05T10:22:23.717780415+08:00	[34mINFO[0m	cmd/main.go:157	æœåŠ¡å™¨å·²ä¼˜é›…å…³é—­	{"svc": "sensor-manage-hub", "env": "dev"}
2025-12-05T10:22:23.720798691+08:00	[34mINFO[0m	cmd/main.go:81	å®¢æˆ·ç«¯å…³é—­æˆåŠŸ	{"svc": "sensor-manage-hub", "env": "dev"}
2025-12-05T10:22:27.246812753+08:00	[34mINFO[0m	cmd/main.go:36	Logger åˆå§‹åŒ–æˆåŠŸ	{"svc": "sensor-manage-hub", "env": "dev"}
2025-12-05T10:22:27.274249213+08:00	[34mINFO[0m	influxdb/client.go:82	InfluxDBå®¢æˆ·ç«¯åˆå§‹åŒ–æˆåŠŸ	{"svc": "sensor-manage-hub", "env": "dev"}
2025-12-05T10:22:27.283949909+08:00	[34mINFO[0m	minio/client.go:58	MinIOå®¢æˆ·ç«¯åˆå§‹åŒ–æˆåŠŸ	{"svc": "sensor-manage-hub", "env": "dev"}
2025-12-05T10:22:27.31341317+08:00	[34mINFO[0m	mysql/client.go:53	Mysqlå®¢æˆ·ç«¯åˆå§‹åŒ–æˆåŠŸ	{"svc": "sensor-manage-hub", "env": "dev"}
2025-12-05T10:22:27.313527672+08:00	[34mINFO[0m	cmd/main.go:59	æ‰€æœ‰å®¢æˆ·ç«¯åˆå§‹åŒ–æˆåŠŸ	{"svc": "sensor-manage-hub", "env": "dev"}
2025-12-05T10:22:27.313911397+08:00	[34mINFO[0m	cmd/main.go:141	æœåŠ¡å™¨å¯åŠ¨æˆåŠŸ	{"svc": "sensor-manage-hub", "env": "dev", "Listening ON:": "0.0.0.0:12000"}
2025-12-05T10:35:52.509288125+08:00	[34mINFO[0m	cmd/main.go:147	å¼€å§‹ä¼˜é›…å…³é—­æœåŠ¡å™¨...	{"svc": "sensor-manage-hub", "env": "dev"}
2025-12-05T10:35:52.509560633+08:00	[34mINFO[0m	cmd/main.go:157	æœåŠ¡å™¨å·²ä¼˜é›…å…³é—­	{"svc": "sensor-manage-hub", "env": "dev"}
2025-12-05T10:35:52.510063758+08:00	[34mINFO[0m	cmd/main.go:81	å®¢æˆ·ç«¯å…³é—­æˆåŠŸ	{"svc": "sensor-manage-hub", "env": "dev"}
2025-12-05T10:35:54.719615131+08:00	[34mINFO[0m	cmd/main.go:36	Logger åˆå§‹åŒ–æˆåŠŸ	{"svc": "sensor-manage-hub", "env": "dev"}
2025-12-05T10:35:54.770540631+08:00	[34mINFO[0m	influxdb/client.go:82	InfluxDBå®¢æˆ·ç«¯åˆå§‹åŒ–æˆåŠŸ	{"svc": "sensor-manage-hub", "env": "dev"}
2025-12-05T10:35:54.784892602+08:00	[34mINFO[0m	minio/client.go:58	MinIOå®¢æˆ·ç«¯åˆå§‹åŒ–æˆåŠŸ	{"svc": "sensor-manage-hub", "env": "dev"}
2025-12-05T10:35:54.826260743+08:00	[34mINFO[0m	mysql/client.go:53	Mysqlå®¢æˆ·ç«¯åˆå§‹åŒ–æˆåŠŸ	{"svc": "sensor-manage-hub", "env": "dev"}
2025-12-05T10:35:54.826324401+08:00	[34mINFO[0m	cmd/main.go:59	æ‰€æœ‰å®¢æˆ·ç«¯åˆå§‹åŒ–æˆåŠŸ	{"svc": "sensor-manage-hub", "env": "dev"}
2025-12-05T10:35:54.826762393+08:00	[34mINFO[0m	cmd/main.go:141	æœåŠ¡å™¨å¯åŠ¨æˆåŠŸ	{"svc": "sensor-manage-hub", "env": "dev", "Listening ON:": "0.0.0.0:12000"}
2025-12-05T10:40:12.757317502+08:00	[31mERROR[0m	handler/sensor_data.go:242	åˆ é™¤æ—¶åºæ•°æ®å…ƒæ•°æ®å¤±è´¥	{"svc": "sensor-manage-hub", "env": "dev", "error": "æ‚¨æ²¡æœ‰æƒé™è®¿é—®è¯¥è®¾å¤‡çš„æ•°æ®"}
2025-12-05T10:40:57.381887482+08:00	[31mERROR[0m	handler/sensor_data.go:160	èŽ·å–æ–‡ä»¶åˆ—è¡¨å¤±è´¥	{"svc": "sensor-manage-hub", "env": "dev", "error": "æ‚¨æ²¡æœ‰æƒé™è®¿é—®è¯¥è®¾å¤‡çš„æ•°æ®"}
2025-12-05T10:42:40.078241361+08:00	[31mERROR[0m	handler/sensor_data.go:160	èŽ·å–æ–‡ä»¶åˆ—è¡¨å¤±è´¥	{"svc": "sensor-manage-hub", "env": "dev", "error": "æ‚¨æ²¡æœ‰æƒé™è®¿é—®è¯¥è®¾å¤‡çš„æ•°æ®"}
2025-12-05T10:44:40.2582851+08:00	[31mERROR[0m	handler/sensor_data.go:263	åˆ é™¤æ–‡ä»¶æ•°æ®å¤±è´¥	{"svc": "sensor-manage-hub", "env": "dev", "error": "æ— æ³•ä»Žbucket_keyä¸­æå–dev_id"}
2025-12-05T10:44:53.693671791+08:00	[31mERROR[0m	handler/sensor_data.go:263	åˆ é™¤æ–‡ä»¶æ•°æ®å¤±è´¥	{"svc": "sensor-manage-hub", "env": "dev", "error": "æ‚¨æ²¡æœ‰æƒé™è®¿é—®è¯¥è®¾å¤‡çš„æ•°æ®"}
2025-12-05T10:47:26.772733999+08:00	[31mERROR[0m	handler/warning_info.go:30	ä¸Šä¼ å‘Šè­¦ä¿¡æ¯å¤±è´¥	{"svc": "sensor-manage-hub", "env": "dev", "error": "Error 1146 (42S02): Table 'sensor_manage_hub.warning_info' doesn't exist"}
2025-12-05T11:01:24.009010899+08:00	[34mINFO[0m	cmd/main.go:147	å¼€å§‹ä¼˜é›…å…³é—­æœåŠ¡å™¨...	{"svc": "sensor-manage-hub", "env": "dev"}
2025-12-05T11:01:24.009270187+08:00	[34mINFO[0m	cmd/main.go:157	æœåŠ¡å™¨å·²ä¼˜é›…å…³é—­	{"svc": "sensor-manage-hub", "env": "dev"}
2025-12-05T11:01:24.009730378+08:00	[34mINFO[0m	cmd/main.go:81	å®¢æˆ·ç«¯å…³é—­æˆåŠŸ	{"svc": "sensor-manage-hub", "env": "dev"}
2025-12-05T11:01:38.914487923+08:00	[34mINFO[0m	cmd/main.go:36	Logger åˆå§‹åŒ–æˆåŠŸ	{"svc": "sensor-manage-hub", "env": "dev"}
2025-12-05T11:01:38.932601883+08:00	[34mINFO[0m	influxdb/client.go:82	InfluxDBå®¢æˆ·ç«¯åˆå§‹åŒ–æˆåŠŸ	{"svc": "sensor-manage-hub", "env": "dev"}
2025-12-05T11:01:38.941190841+08:00	[34mINFO[0m	minio/client.go:58	MinIOå®¢æˆ·ç«¯åˆå§‹åŒ–æˆåŠŸ	{"svc": "sensor-manage-hub", "env": "dev"}
2025-12-05T11:01:38.970303175+08:00	[34mINFO[0m	mysql/client.go:53	Mysqlå®¢æˆ·ç«¯åˆå§‹åŒ–æˆåŠŸ	{"svc": "sensor-manage-hub", "env": "dev"}
2025-12-05T11:01:38.97038765+08:00	[34mINFO[0m	cmd/main.go:59	æ‰€æœ‰å®¢æˆ·ç«¯åˆå§‹åŒ–æˆåŠŸ	{"svc": "sensor-manage-hub", "env": "dev"}
2025-12-05T11:01:38.97069857+08:00	[34mINFO[0m	cmd/main.go:141	æœåŠ¡å™¨å¯åŠ¨æˆåŠŸ	{"svc": "sensor-manage-hub", "env": "dev", "Listening ON:": "0.0.0.0:12000"}
2025-12-05T11:01:40.914661473+08:00	[31mERROR[0m	handler/warning_info.go:30	ä¸Šä¼ å‘Šè­¦ä¿¡æ¯å¤±è´¥	{"svc": "sensor-manage-hub", "env": "dev", "error": "Error 1054 (42S22): Unknown column 'dev_id' in 'field list'"}
2025-12-05T11:04:48.94454259+08:00	[31mERROR[0m	handler/warning_info.go:30	ä¸Šä¼ å‘Šè­¦ä¿¡æ¯å¤±è´¥	{"svc": "sensor-manage-hub", "env": "dev", "error": "Error 1265 (01000): Data truncated for column 'alert_type' at row 1"}
2025-12-05T11:05:20.149952668+08:00	[31mERROR[0m	handler/warning_info.go:30	ä¸Šä¼ å‘Šè­¦ä¿¡æ¯å¤±è´¥	{"svc": "sensor-manage-hub", "env": "dev", "error": "Error 1292 (22007): Incorrect datetime value: '0000-00-00' for column 'resolved_at' at row 1"}
2025-12-05T11:05:59.402824776+08:00	[31mERROR[0m	handler/warning_info.go:30	ä¸Šä¼ å‘Šè­¦ä¿¡æ¯å¤±è´¥	{"svc": "sensor-manage-hub", "env": "dev", "error": "Error 1292 (22007): Incorrect datetime value: '0000-00-00' for column 'resolved_at' at row 1"}
2025-12-05T11:08:01.68543652+08:00	[31mERROR[0m	handler/warning_info.go:30	ä¸Šä¼ å‘Šè­¦ä¿¡æ¯å¤±è´¥	{"svc": "sensor-manage-hub", "env": "dev", "error": "Error 1292 (22007): Incorrect datetime value: '0000-00-00' for column 'resolved_at' at row 1"}
2025-12-05T11:46:37.227714667+08:00	[34mINFO[0m	cmd/main.go:36	Logger åˆå§‹åŒ–æˆåŠŸ	{"svc": "sensor-manage-hub", "env": "dev"}
2025-12-05T11:46:37.269537415+08:00	[34mINFO[0m	influxdb/client.go:82	InfluxDBå®¢æˆ·ç«¯åˆå§‹åŒ–æˆåŠŸ	{"svc": "sensor-manage-hub", "env": "dev"}
2025-12-05T11:46:37.281399401+08:00	[34mINFO[0m	minio/client.go:58	MinIOå®¢æˆ·ç«¯åˆå§‹åŒ–æˆåŠŸ	{"svc": "sensor-manage-hub", "env": "dev"}
2025-12-05T11:46:37.311328488+08:00	[34mINFO[0m	mysql/client.go:53	Mysqlå®¢æˆ·ç«¯åˆå§‹åŒ–æˆåŠŸ	{"svc": "sensor-manage-hub", "env": "dev"}
2025-12-05T11:46:37.311482488+08:00	[34mINFO[0m	cmd/main.go:59	æ‰€æœ‰å®¢æˆ·ç«¯åˆå§‹åŒ–æˆåŠŸ	{"svc": "sensor-manage-hub", "env": "dev"}
2025-12-05T11:46:37.311878175+08:00	[34mINFO[0m	cmd/main.go:141	æœåŠ¡å™¨å¯åŠ¨æˆåŠŸ	{"svc": "sensor-manage-hub", "env": "dev", "Listening ON:": "0.0.0.0:12000"}
2025-12-05T11:46:38.564786707+08:00	[31mERROR[0m	handler/warning_info.go:30	ä¸Šä¼ å‘Šè­¦ä¿¡æ¯å¤±è´¥	{"svc": "sensor-manage-hub", "env": "dev", "error": "Error 1292 (22007): Incorrect datetime value: '0000-00-00' for column 'resolved_at' at row 1"}
2025-12-05T11:47:20.799339162+08:00	[34mINFO[0m	cmd/main.go:147	å¼€å§‹ä¼˜é›…å…³é—­æœåŠ¡å™¨...	{"svc": "sensor-manage-hub", "env": "dev"}
2025-12-05T11:47:20.799980077+08:00	[34mINFO[0m	cmd/main.go:157	æœåŠ¡å™¨å·²ä¼˜é›…å…³é—­	{"svc": "sensor-manage-hub", "env": "dev"}
2025-12-05T11:47:20.800333869+08:00	[34mINFO[0m	cmd/main.go:81	å®¢æˆ·ç«¯å…³é—­æˆåŠŸ	{"svc": "sensor-manage-hub", "env": "dev"}
2025-12-05T11:47:22.636186889+08:00	[34mINFO[0m	cmd/main.go:36	Logger åˆå§‹åŒ–æˆåŠŸ	{"svc": "sensor-manage-hub", "env": "dev"}
2025-12-05T11:47:22.648870575+08:00	[34mINFO[0m	influxdb/client.go:82	InfluxDBå®¢æˆ·ç«¯åˆå§‹åŒ–æˆåŠŸ	{"svc": "sensor-manage-hub", "env": "dev"}
2025-12-05T11:47:22.657959675+08:00	[34mINFO[0m	minio/client.go:58	MinIOå®¢æˆ·ç«¯åˆå§‹åŒ–æˆåŠŸ	{"svc": "sensor-manage-hub", "env": "dev"}
2025-12-05T11:47:22.682918453+08:00	[34mINFO[0m	mysql/client.go:53	Mysqlå®¢æˆ·ç«¯åˆå§‹åŒ–æˆåŠŸ	{"svc": "sensor-manage-hub", "env": "dev"}
2025-12-05T11:47:22.683018171+08:00	[34mINFO[0m	cmd/main.go:59	æ‰€æœ‰å®¢æˆ·ç«¯åˆå§‹åŒ–æˆåŠŸ	{"svc": "sensor-manage-hub", "env": "dev"}
2025-12-05T11:47:22.683214934+08:00	[34mINFO[0m	cmd/main.go:141	æœåŠ¡å™¨å¯åŠ¨æˆåŠŸ	{"svc": "sensor-manage-hub", "env": "dev", "Listening ON:": "0.0.0.0:12000"}
2025-12-05T11:47:24.895356875+08:00	[31mERROR[0m	handler/warning_info.go:30	ä¸Šä¼ å‘Šè­¦ä¿¡æ¯å¤±è´¥	{"svc": "sensor-manage-hub", "env": "dev", "error": "Error 1292 (22007): Incorrect datetime value: '0000-00-00' for column 'resolved_at' at row 1"}
2025-12-05T11:48:21.510464648+08:00	[34mINFO[0m	cmd/main.go:147	å¼€å§‹ä¼˜é›…å…³é—­æœåŠ¡å™¨...	{"svc": "sensor-manage-hub", "env": "dev"}
2025-12-05T11:48:21.510728511+08:00	[34mINFO[0m	cmd/main.go:157	æœåŠ¡å™¨å·²ä¼˜é›…å…³é—­	{"svc": "sensor-manage-hub", "env": "dev"}
2025-12-05T11:48:21.511251474+08:00	[34mINFO[0m	cmd/main.go:81	å®¢æˆ·ç«¯å…³é—­æˆåŠŸ	{"svc": "sensor-manage-hub", "env": "dev"}
2025-12-05T11:48:23.288830699+08:00	[34mINFO[0m	cmd/main.go:36	Logger åˆå§‹åŒ–æˆåŠŸ	{"svc": "sensor-manage-hub", "env": "dev"}
2025-12-05T11:48:23.297150183+08:00	[34mINFO[0m	influxdb/client.go:82	InfluxDBå®¢æˆ·ç«¯åˆå§‹åŒ–æˆåŠŸ	{"svc": "sensor-manage-hub", "env": "dev"}
2025-12-05T11:48:23.303285776+08:00	[34mINFO[0m	minio/client.go:58	MinIOå®¢æˆ·ç«¯åˆå§‹åŒ–æˆåŠŸ	{"svc": "sensor-manage-hub", "env": "dev"}
2025-12-05T11:48:23.322675746+08:00	[34mINFO[0m	mysql/client.go:53	Mysqlå®¢æˆ·ç«¯åˆå§‹åŒ–æˆåŠŸ	{"svc": "sensor-manage-hub", "env": "dev"}
2025-12-05T11:48:23.323124416+08:00	[34mINFO[0m	cmd/main.go:59	æ‰€æœ‰å®¢æˆ·ç«¯åˆå§‹åŒ–æˆåŠŸ	{"svc": "sensor-manage-hub", "env": "dev"}
2025-12-05T11:48:23.324576212+08:00	[34mINFO[0m	cmd/main.go:141	æœåŠ¡å™¨å¯åŠ¨æˆåŠŸ	{"svc": "sensor-manage-hub", "env": "dev", "Listening ON:": "0.0.0.0:12000"}
2025-12-05T11:48:25.489384831+08:00	[31mERROR[0m	handler/warning_info.go:30	ä¸Šä¼ å‘Šè­¦ä¿¡æ¯å¤±è´¥	{"svc": "sensor-manage-hub", "env": "dev", "error": "Error 1292 (22007): Incorrect datetime value: '0000-00-00' for column 'resolved_at' at row 1"}
2025-12-05T11:48:48.137150309+08:00	[34mINFO[0m	cmd/main.go:147	å¼€å§‹ä¼˜é›…å…³é—­æœåŠ¡å™¨...	{"svc": "sensor-manage-hub", "env": "dev"}
2025-12-05T11:48:48.1375012+08:00	[34mINFO[0m	cmd/main.go:157	æœåŠ¡å™¨å·²ä¼˜é›…å…³é—­	{"svc": "sensor-manage-hub", "env": "dev"}
2025-12-05T11:48:48.137976628+08:00	[34mINFO[0m	cmd/main.go:81	å®¢æˆ·ç«¯å…³é—­æˆåŠŸ	{"svc": "sensor-manage-hub", "env": "dev"}
2025-12-05T11:48:49.701439009+08:00	[34mINFO[0m	cmd/main.go:36	Logger åˆå§‹åŒ–æˆåŠŸ	{"svc": "sensor-manage-hub", "env": "dev"}
2025-12-05T11:48:49.718036273+08:00	[34mINFO[0m	influxdb/client.go:82	InfluxDBå®¢æˆ·ç«¯åˆå§‹åŒ–æˆåŠŸ	{"svc": "sensor-manage-hub", "env": "dev"}
2025-12-05T11:48:49.72235834+08:00	[34mINFO[0m	minio/client.go:58	MinIOå®¢æˆ·ç«¯åˆå§‹åŒ–æˆåŠŸ	{"svc": "sensor-manage-hub", "env": "dev"}
2025-12-05T11:48:49.738737046+08:00	[34mINFO[0m	mysql/client.go:53	Mysqlå®¢æˆ·ç«¯åˆå§‹åŒ–æˆåŠŸ	{"svc": "sensor-manage-hub", "env": "dev"}
2025-12-05T11:48:49.738975963+08:00	[34mINFO[0m	cmd/main.go:59	æ‰€æœ‰å®¢æˆ·ç«¯åˆå§‹åŒ–æˆåŠŸ	{"svc": "sensor-manage-hub", "env": "dev"}
2025-12-05T11:48:49.739353441+08:00	[34mINFO[0m	cmd/main.go:141	æœåŠ¡å™¨å¯åŠ¨æˆåŠŸ	{"svc": "sensor-manage-hub", "env": "dev", "Listening ON:": "0.0.0.0:12000"}
2025-12-05T12:25:22.800359722+08:00	[34mINFO[0m	cmd/main.go:147	å¼€å§‹ä¼˜é›…å…³é—­æœåŠ¡å™¨...	{"svc": "sensor-manage-hub", "env": "dev"}
2025-12-05T12:25:22.800836214+08:00	[34mINFO[0m	cmd/main.go:157	æœåŠ¡å™¨å·²ä¼˜é›…å…³é—­	{"svc": "sensor-manage-hub", "env": "dev"}
2025-12-05T12:25:22.800932489+08:00	[34mINFO[0m	cmd/main.go:81	å®¢æˆ·ç«¯å…³é—­æˆåŠŸ	{"svc": "sensor-manage-hub", "env": "dev"}
2025-12-05T12:25:25.470523429+08:00	[34mINFO[0m	cmd/main.go:36	Logger åˆå§‹åŒ–æˆåŠŸ	{"svc": "sensor-manage-hub", "env": "dev"}
2025-12-05T12:25:25.488865513+08:00	[34mINFO[0m	influxdb/client.go:82	InfluxDBå®¢æˆ·ç«¯åˆå§‹åŒ–æˆåŠŸ	{"svc": "sensor-manage-hub", "env": "dev"}
2025-12-05T12:25:25.497938273+08:00	[34mINFO[0m	minio/client.go:58	MinIOå®¢æˆ·ç«¯åˆå§‹åŒ–æˆåŠŸ	{"svc": "sensor-manage-hub", "env": "dev"}
2025-12-05T12:25:25.523814785+08:00	[34mINFO[0m	mysql/client.go:53	Mysqlå®¢æˆ·ç«¯åˆå§‹åŒ–æˆåŠŸ	{"svc": "sensor-manage-hub", "env": "dev"}
2025-12-05T12:25:25.523970959+08:00	[34mINFO[0m	cmd/main.go:59	æ‰€æœ‰å®¢æˆ·ç«¯åˆå§‹åŒ–æˆåŠŸ	{"svc": "sensor-manage-hub", "env": "dev"}
2025-12-05T12:25:25.524906321+08:00	[34mINFO[0m	cmd/main.go:141	æœåŠ¡å™¨å¯åŠ¨æˆåŠŸ	{"svc": "sensor-manage-hub", "env": "dev", "Listening ON:": "0.0.0.0:12000"}
2025-12-06T09:54:03.286223369+08:00	[34mINFO[0m	cmd/main.go:36	Logger åˆå§‹åŒ–æˆåŠŸ	{"svc": "sensor-manage-hub", "env": "dev"}
2025-12-06T09:54:41.618101416+08:00	[34mINFO[0m	cmd/main.go:36	Logger åˆå§‹åŒ–æˆåŠŸ	{"svc": "sensor-manage-hub", "env": "dev"}
2025-12-06T09:54:41.666127094+08:00	[34mINFO[0m	influxdb/client.go:82	InfluxDBå®¢æˆ·ç«¯åˆå§‹åŒ–æˆåŠŸ	{"svc": "sensor-manage-hub", "env": "dev"}
2025-12-06T09:54:41.675943515+08:00	[34mINFO[0m	minio/client.go:58	MinIOå®¢æˆ·ç«¯åˆå§‹åŒ–æˆåŠŸ	{"svc": "sensor-manage-hub", "env": "dev"}
2025-12-06T09:54:41.711488192+08:00	[34mINFO[0m	mysql/client.go:53	Mysqlå®¢æˆ·ç«¯åˆå§‹åŒ–æˆåŠŸ	{"svc": "sensor-manage-hub", "env": "dev"}
2025-12-06T09:54:41.711535989+08:00	[34mINFO[0m	cmd/main.go:59	æ‰€æœ‰å®¢æˆ·ç«¯åˆå§‹åŒ–æˆåŠŸ	{"svc": "sensor-manage-hub", "env": "dev"}
2025-12-06T09:54:41.711751128+08:00	[34mINFO[0m	cmd/main.go:141	æœåŠ¡å™¨å¯åŠ¨æˆåŠŸ	{"svc": "sensor-manage-hub", "env": "dev", "Listening ON:": "0.0.0.0:12000"}
2025-12-06T10:04:19.523093936+08:00	[34mINFO[0m	cmd/main.go:147	å¼€å§‹ä¼˜é›…å…³é—­æœåŠ¡å™¨...	{"svc": "sensor-manage-hub", "env": "dev"}
2025-12-06T10:04:19.523337896+08:00	[34mINFO[0m	cmd/main.go:157	æœåŠ¡å™¨å·²ä¼˜é›…å…³é—­	{"svc": "sensor-manage-hub", "env": "dev"}
2025-12-06T10:04:19.52360216+08:00	[34mINFO[0m	cmd/main.go:81	å®¢æˆ·ç«¯å…³é—­æˆåŠŸ	{"svc": "sensor-manage-hub", "env": "dev"}
